2017-11-02 19:37:04,007 [Worker-3] INFO  c.g.t.t.d.PublishedGradleVersions - Gradle version information cache is up-to-date. Trying to read.
2017-11-02 20:42:26,456 [Worker-5] WARN  o.e.r.models.ModelRepository - Failed to download org.eclipse.recommenders:index::zip:0.0.0
org.eclipse.aether.resolution.ArtifactResolutionException: Could not transfer artifact org.eclipse.recommenders:index:zip:0.0.0-20160630.190154-1 from/to models (http://download.eclipse.org/recommenders/models/oxygen/): ClientProtocolException
	at org.eclipse.aether.internal.impl.DefaultArtifactResolver.resolve(DefaultArtifactResolver.java:453) ~[na:na]
	at org.eclipse.aether.internal.impl.DefaultArtifactResolver.resolveArtifacts(DefaultArtifactResolver.java:255) ~[na:na]
	at org.eclipse.aether.internal.impl.DefaultArtifactResolver.resolveArtifact(DefaultArtifactResolver.java:232) ~[na:na]
	at org.eclipse.aether.internal.impl.DefaultRepositorySystem.resolveArtifact(DefaultRepositorySystem.java:303) ~[na:na]
	at org.eclipse.recommenders.models.ModelRepository.resolveInternal(ModelRepository.java:193) [org.eclipse.recommenders.models_2.4.10.v20170911-1410.jar:na]
	at org.eclipse.recommenders.models.ModelRepository.resolve(ModelRepository.java:172) [org.eclipse.recommenders.models_2.4.10.v20170911-1410.jar:na]
	at org.eclipse.recommenders.internal.models.rcp.EclipseModelRepository.resolve(EclipseModelRepository.java:168) [org.eclipse.recommenders.models.rcp_2.4.10.v20170911-1410.jar:na]
	at org.eclipse.recommenders.internal.models.rcp.DownloadModelArchiveJob.run(DownloadModelArchiveJob.java:76) [org.eclipse.recommenders.models.rcp_2.4.10.v20170911-1410.jar:na]
	at org.eclipse.core.internal.jobs.Worker.run(Worker.java:56) [org.eclipse.core.jobs_3.9.1.v20170714-0547.jar:na]
Caused by: org.eclipse.aether.transfer.ArtifactTransferException: Could not transfer artifact org.eclipse.recommenders:index:zip:0.0.0-20160630.190154-1 from/to models (http://download.eclipse.org/recommenders/models/oxygen/): ClientProtocolException
	at org.eclipse.aether.connector.basic.ArtifactTransportListener.transferFailed(ArtifactTransportListener.java:52) ~[org.apache.maven.resolver.connector.basic_1.0.3.v20170405-0725.jar:1.0.3]
	at org.eclipse.aether.connector.basic.BasicRepositoryConnector$TaskRunner.run(BasicRepositoryConnector.java:364) ~[org.apache.maven.resolver.connector.basic_1.0.3.v20170405-0725.jar:1.0.3]
	at org.eclipse.aether.util.concurrency.RunnableErrorForwarder$1.run(RunnableErrorForwarder.java:76) ~[na:na]
	at org.eclipse.aether.connector.basic.BasicRepositoryConnector$DirectExecutor.execute(BasicRepositoryConnector.java:590) ~[org.apache.maven.resolver.connector.basic_1.0.3.v20170405-0725.jar:1.0.3]
	at org.eclipse.aether.connector.basic.BasicRepositoryConnector.get(BasicRepositoryConnector.java:258) ~[org.apache.maven.resolver.connector.basic_1.0.3.v20170405-0725.jar:1.0.3]
	at org.eclipse.aether.internal.impl.DefaultArtifactResolver.performDownloads(DefaultArtifactResolver.java:529) ~[na:na]
	at org.eclipse.aether.internal.impl.DefaultArtifactResolver.resolve(DefaultArtifactResolver.java:430) ~[na:na]
	... 8 common frames omitted
Caused by: org.apache.http.client.ClientProtocolException: null
	at org.apache.http.impl.client.AbstractHttpClient.doExecute(AbstractHttpClient.java:888) ~[na:na]
	at org.apache.http.impl.client.CloseableHttpClient.execute(CloseableHttpClient.java:71) ~[na:na]
	at org.apache.http.impl.client.CloseableHttpClient.execute(CloseableHttpClient.java:55) ~[na:na]
	at org.apache.http.impl.client.DecompressingHttpClient.execute(DecompressingHttpClient.java:164) ~[na:na]
	at org.eclipse.aether.transport.http.HttpTransporter.execute(HttpTransporter.java:296) ~[org.apache.maven.resolver.transport.http_1.0.3.v20170405-0725.jar:1.0.3]
	at org.eclipse.aether.transport.http.HttpTransporter.implGet(HttpTransporter.java:252) ~[org.apache.maven.resolver.transport.http_1.0.3.v20170405-0725.jar:1.0.3]
	at org.eclipse.aether.spi.connector.transport.AbstractTransporter.get(AbstractTransporter.java:68) ~[org.apache.maven.resolver.spi_1.0.3.v20170405-0725.jar:1.0.3]
	at org.eclipse.aether.connector.basic.BasicRepositoryConnector$GetTaskRunner.runTask(BasicRepositoryConnector.java:456) ~[org.apache.maven.resolver.connector.basic_1.0.3.v20170405-0725.jar:1.0.3]
	at org.eclipse.aether.connector.basic.BasicRepositoryConnector$TaskRunner.run(BasicRepositoryConnector.java:359) ~[org.apache.maven.resolver.connector.basic_1.0.3.v20170405-0725.jar:1.0.3]
	... 13 common frames omitted
Caused by: org.apache.http.client.CircularRedirectException: Circular redirect to 'http://ftp-stud.fht-esslingen.de/pub/Mirrors/eclipse/recommenders/models/oxygen/org/eclipse/recommenders/index/0.0.0-SNAPSHOT/index-0.0.0-20160630.190154-1.zip'
	at org.apache.http.impl.client.DefaultRedirectStrategy.getLocationURI(DefaultRedirectStrategy.java:176) ~[na:na]
	at org.apache.http.impl.client.DefaultRedirectStrategy.getRedirect(DefaultRedirectStrategy.java:220) ~[na:na]
	at org.apache.http.impl.client.DefaultRequestDirector.handleResponse(DefaultRequestDirector.java:1085) ~[na:na]
	at org.apache.http.impl.client.DefaultRequestDirector.execute(DefaultRequestDirector.java:516) ~[na:na]
	at org.apache.http.impl.client.AbstractHttpClient.doExecute(AbstractHttpClient.java:884) ~[na:na]
	... 21 common frames omitted
2017-11-03 12:53:32,457 [Worker-3] INFO  c.g.t.t.d.PublishedGradleVersions - Gradle version information cache is up-to-date. Trying to read.
2017-11-03 12:58:50,180 [Worker-2] WARN  o.e.r.models.ModelRepository - Failed to download org.eclipse.recommenders:index::zip:0.0.0
org.eclipse.aether.resolution.ArtifactResolutionException: Could not transfer artifact org.eclipse.recommenders:index:zip:0.0.0-20160630.190154-1 from/to models (http://download.eclipse.org/recommenders/models/oxygen/): ClientProtocolException
	at org.eclipse.aether.internal.impl.DefaultArtifactResolver.resolve(DefaultArtifactResolver.java:453) ~[na:na]
	at org.eclipse.aether.internal.impl.DefaultArtifactResolver.resolveArtifacts(DefaultArtifactResolver.java:255) ~[na:na]
	at org.eclipse.aether.internal.impl.DefaultArtifactResolver.resolveArtifact(DefaultArtifactResolver.java:232) ~[na:na]
	at org.eclipse.aether.internal.impl.DefaultRepositorySystem.resolveArtifact(DefaultRepositorySystem.java:303) ~[na:na]
	at org.eclipse.recommenders.models.ModelRepository.resolveInternal(ModelRepository.java:193) [org.eclipse.recommenders.models_2.4.10.v20170911-1410.jar:na]
	at org.eclipse.recommenders.models.ModelRepository.resolve(ModelRepository.java:172) [org.eclipse.recommenders.models_2.4.10.v20170911-1410.jar:na]
	at org.eclipse.recommenders.internal.models.rcp.EclipseModelRepository.resolve(EclipseModelRepository.java:168) [org.eclipse.recommenders.models.rcp_2.4.10.v20170911-1410.jar:na]
	at org.eclipse.recommenders.internal.models.rcp.DownloadModelArchiveJob.run(DownloadModelArchiveJob.java:76) [org.eclipse.recommenders.models.rcp_2.4.10.v20170911-1410.jar:na]
	at org.eclipse.core.internal.jobs.Worker.run(Worker.java:56) [org.eclipse.core.jobs_3.9.1.v20170714-0547.jar:na]
Caused by: org.eclipse.aether.transfer.ArtifactTransferException: Could not transfer artifact org.eclipse.recommenders:index:zip:0.0.0-20160630.190154-1 from/to models (http://download.eclipse.org/recommenders/models/oxygen/): ClientProtocolException
	at org.eclipse.aether.connector.basic.ArtifactTransportListener.transferFailed(ArtifactTransportListener.java:52) ~[org.apache.maven.resolver.connector.basic_1.0.3.v20170405-0725.jar:1.0.3]
	at org.eclipse.aether.connector.basic.BasicRepositoryConnector$TaskRunner.run(BasicRepositoryConnector.java:364) ~[org.apache.maven.resolver.connector.basic_1.0.3.v20170405-0725.jar:1.0.3]
	at org.eclipse.aether.util.concurrency.RunnableErrorForwarder$1.run(RunnableErrorForwarder.java:76) ~[na:na]
	at org.eclipse.aether.connector.basic.BasicRepositoryConnector$DirectExecutor.execute(BasicRepositoryConnector.java:590) ~[org.apache.maven.resolver.connector.basic_1.0.3.v20170405-0725.jar:1.0.3]
	at org.eclipse.aether.connector.basic.BasicRepositoryConnector.get(BasicRepositoryConnector.java:258) ~[org.apache.maven.resolver.connector.basic_1.0.3.v20170405-0725.jar:1.0.3]
	at org.eclipse.aether.internal.impl.DefaultArtifactResolver.performDownloads(DefaultArtifactResolver.java:529) ~[na:na]
	at org.eclipse.aether.internal.impl.DefaultArtifactResolver.resolve(DefaultArtifactResolver.java:430) ~[na:na]
	... 8 common frames omitted
Caused by: org.apache.http.client.ClientProtocolException: null
	at org.apache.http.impl.client.AbstractHttpClient.doExecute(AbstractHttpClient.java:888) ~[na:na]
	at org.apache.http.impl.client.CloseableHttpClient.execute(CloseableHttpClient.java:71) ~[na:na]
	at org.apache.http.impl.client.CloseableHttpClient.execute(CloseableHttpClient.java:55) ~[na:na]
	at org.apache.http.impl.client.DecompressingHttpClient.execute(DecompressingHttpClient.java:164) ~[na:na]
	at org.eclipse.aether.transport.http.HttpTransporter.execute(HttpTransporter.java:296) ~[org.apache.maven.resolver.transport.http_1.0.3.v20170405-0725.jar:1.0.3]
	at org.eclipse.aether.transport.http.HttpTransporter.implGet(HttpTransporter.java:252) ~[org.apache.maven.resolver.transport.http_1.0.3.v20170405-0725.jar:1.0.3]
	at org.eclipse.aether.spi.connector.transport.AbstractTransporter.get(AbstractTransporter.java:68) ~[org.apache.maven.resolver.spi_1.0.3.v20170405-0725.jar:1.0.3]
	at org.eclipse.aether.connector.basic.BasicRepositoryConnector$GetTaskRunner.runTask(BasicRepositoryConnector.java:456) ~[org.apache.maven.resolver.connector.basic_1.0.3.v20170405-0725.jar:1.0.3]
	at org.eclipse.aether.connector.basic.BasicRepositoryConnector$TaskRunner.run(BasicRepositoryConnector.java:359) ~[org.apache.maven.resolver.connector.basic_1.0.3.v20170405-0725.jar:1.0.3]
	... 13 common frames omitted
Caused by: org.apache.http.client.CircularRedirectException: Circular redirect to 'http://mirror.switch.ch/eclipse/recommenders/models/oxygen/org/eclipse/recommenders/index/0.0.0-SNAPSHOT/index-0.0.0-20160630.190154-1.zip'
	at org.apache.http.impl.client.DefaultRedirectStrategy.getLocationURI(DefaultRedirectStrategy.java:176) ~[na:na]
	at org.apache.http.impl.client.DefaultRedirectStrategy.getRedirect(DefaultRedirectStrategy.java:220) ~[na:na]
	at org.apache.http.impl.client.DefaultRequestDirector.handleResponse(DefaultRequestDirector.java:1085) ~[na:na]
	at org.apache.http.impl.client.DefaultRequestDirector.execute(DefaultRequestDirector.java:516) ~[na:na]
	at org.apache.http.impl.client.AbstractHttpClient.doExecute(AbstractHttpClient.java:884) ~[na:na]
	... 21 common frames omitted
2017-11-16 10:56:58,581 [Worker-0] INFO  c.g.t.t.d.PublishedGradleVersions - Gradle version information cache is out-of-date. Trying to update.
2017-11-19 19:56:32,672 [Worker-5] INFO  c.g.t.t.d.PublishedGradleVersions - Gradle version information cache is out-of-date. Trying to update.
2017-11-21 08:16:51,714 [Worker-4] INFO  c.g.t.t.d.PublishedGradleVersions - Gradle version information cache is out-of-date. Trying to update.
2017-11-22 09:44:26,292 [Worker-23] INFO  c.g.t.t.d.PublishedGradleVersions - Gradle version information cache is out-of-date. Trying to update.
2017-11-26 10:52:41,758 [Worker-5] INFO  c.g.t.t.d.PublishedGradleVersions - Gradle version information cache is up-to-date. Trying to read.
2017-11-26 18:29:28,590 [Worker-16] INFO  c.g.t.t.d.PublishedGradleVersions - Gradle version information cache is up-to-date. Trying to read.
2017-11-27 09:21:17,142 [Worker-16] INFO  c.g.t.t.d.PublishedGradleVersions - Gradle version information cache is out-of-date. Trying to update.
2017-11-28 19:49:13,599 [Worker-286] WARN  o.e.r.models.ModelRepository - Failed to download jre:jre:call:zip:1.0.0
org.eclipse.aether.resolution.ArtifactResolutionException: Could not find artifact jre:jre:zip:call:1.0.0-20171110.191840-2 in models (http://download.eclipse.org/recommenders/models/oxygen/)
	at org.eclipse.aether.internal.impl.DefaultArtifactResolver.resolve(DefaultArtifactResolver.java:453) ~[na:na]
	at org.eclipse.aether.internal.impl.DefaultArtifactResolver.resolveArtifacts(DefaultArtifactResolver.java:255) ~[na:na]
	at org.eclipse.aether.internal.impl.DefaultArtifactResolver.resolveArtifact(DefaultArtifactResolver.java:232) ~[na:na]
	at org.eclipse.aether.internal.impl.DefaultRepositorySystem.resolveArtifact(DefaultRepositorySystem.java:303) ~[na:na]
	at org.eclipse.recommenders.models.ModelRepository.resolveInternal(ModelRepository.java:193) [org.eclipse.recommenders.models_2.4.10.v20170911-1410.jar:na]
	at org.eclipse.recommenders.models.ModelRepository.resolve(ModelRepository.java:172) [org.eclipse.recommenders.models_2.4.10.v20170911-1410.jar:na]
	at org.eclipse.recommenders.internal.models.rcp.EclipseModelRepository.resolve(EclipseModelRepository.java:168) [org.eclipse.recommenders.models.rcp_2.4.10.v20170911-1410.jar:na]
	at org.eclipse.recommenders.internal.models.rcp.DownloadModelArchiveJob.run(DownloadModelArchiveJob.java:76) [org.eclipse.recommenders.models.rcp_2.4.10.v20170911-1410.jar:na]
	at org.eclipse.core.internal.jobs.Worker.run(Worker.java:56) [org.eclipse.core.jobs_3.9.1.v20170714-0547.jar:na]
Caused by: org.eclipse.aether.transfer.ArtifactNotFoundException: Could not find artifact jre:jre:zip:call:1.0.0-20171110.191840-2 in models (http://download.eclipse.org/recommenders/models/oxygen/)
	at org.eclipse.aether.connector.basic.ArtifactTransportListener.transferFailed(ArtifactTransportListener.java:48) ~[org.apache.maven.resolver.connector.basic_1.0.3.v20170405-0725.jar:1.0.3]
	at org.eclipse.aether.connector.basic.BasicRepositoryConnector$TaskRunner.run(BasicRepositoryConnector.java:364) ~[org.apache.maven.resolver.connector.basic_1.0.3.v20170405-0725.jar:1.0.3]
	at org.eclipse.aether.util.concurrency.RunnableErrorForwarder$1.run(RunnableErrorForwarder.java:76) ~[na:na]
	at org.eclipse.aether.connector.basic.BasicRepositoryConnector$DirectExecutor.execute(BasicRepositoryConnector.java:590) ~[org.apache.maven.resolver.connector.basic_1.0.3.v20170405-0725.jar:1.0.3]
	at org.eclipse.aether.connector.basic.BasicRepositoryConnector.get(BasicRepositoryConnector.java:258) ~[org.apache.maven.resolver.connector.basic_1.0.3.v20170405-0725.jar:1.0.3]
	at org.eclipse.aether.internal.impl.DefaultArtifactResolver.performDownloads(DefaultArtifactResolver.java:529) ~[na:na]
	at org.eclipse.aether.internal.impl.DefaultArtifactResolver.resolve(DefaultArtifactResolver.java:430) ~[na:na]
	... 8 common frames omitted
2017-11-29 11:43:16,588 [Worker-34] INFO  c.g.t.t.d.PublishedGradleVersions - Gradle version information cache is out-of-date. Trying to update.
2017-11-29 18:24:55,491 [Worker-0] INFO  c.g.t.t.d.PublishedGradleVersions - Gradle version information cache is up-to-date. Trying to read.
2017-11-29 18:53:47,332 [Worker-0] INFO  c.g.t.t.d.PublishedGradleVersions - Gradle version information cache is up-to-date. Trying to read.
2017-11-29 23:28:20,952 [Worker-0] INFO  c.g.t.t.d.PublishedGradleVersions - Gradle version information cache is up-to-date. Trying to read.
2017-11-30 12:55:14,256 [Worker-66] INFO  o.e.m.c.i.l.LifecycleMappingFactory - Using org.eclipse.m2e.jdt.JarLifecycleMapping lifecycle mapping for MavenProject: com.yatish.TestNg:Junit_TestNg_Mockito:0.0.1-SNAPSHOT @ /Users/yatcs/yatish/java 7/workspace - java7/Junit_TestNg_Mockito/pom.xml.
2017-11-30 12:55:14,660 [Worker-66] INFO  o.e.m.j.i.AbstractJavaProjectConfigurator - Adding source folder /Junit_TestNg_Mockito/src/main/java
2017-11-30 12:55:14,662 [Worker-66] INFO  o.e.m.j.i.AbstractJavaProjectConfigurator - Adding resource folder /Junit_TestNg_Mockito/src/main/resources
2017-11-30 12:55:14,662 [Worker-66] INFO  o.e.m.j.i.AbstractJavaProjectConfigurator - Adding source folder /Junit_TestNg_Mockito/src/test/java
2017-11-30 12:55:14,662 [Worker-66] INFO  o.e.m.j.i.AbstractJavaProjectConfigurator - Adding resource folder /Junit_TestNg_Mockito/src/test/resources
2017-11-30 12:55:14,969 [Worker-70] WARN  o.e.m.c.i.embedder.EclipseLogger - Using platform encoding (UTF-8 actually) to copy filtered resources, i.e. build is platform dependent!
2017-11-30 12:55:14,976 [Worker-70] INFO  o.e.m.c.i.embedder.EclipseLogger - Copying 0 resource
2017-11-30 12:55:14,978 [Worker-70] WARN  o.e.m.c.i.embedder.EclipseLogger - Using platform encoding (UTF-8 actually) to copy filtered resources, i.e. build is platform dependent!
2017-11-30 12:55:14,979 [Worker-70] INFO  o.e.m.c.i.embedder.EclipseLogger - Copying 0 resource
2017-11-30 12:59:43,718 [Worker-74] WARN  o.e.m.c.i.embedder.EclipseLogger - Using platform encoding (UTF-8 actually) to copy filtered resources, i.e. build is platform dependent!
2017-11-30 12:59:43,722 [Worker-74] INFO  o.e.m.c.i.embedder.EclipseLogger - Copying 0 resource
2017-11-30 12:59:43,725 [Worker-74] WARN  o.e.m.c.i.embedder.EclipseLogger - Using platform encoding (UTF-8 actually) to copy filtered resources, i.e. build is platform dependent!
2017-11-30 12:59:43,725 [Worker-74] INFO  o.e.m.c.i.embedder.EclipseLogger - Copying 0 resource
2017-11-30 13:00:19,507 [Worker-66] WARN  o.e.m.c.i.embedder.EclipseLogger - Using platform encoding (UTF-8 actually) to copy filtered resources, i.e. build is platform dependent!
2017-11-30 13:00:19,508 [Worker-66] INFO  o.e.m.c.i.embedder.EclipseLogger - Copying 0 resource
2017-11-30 13:00:19,510 [Worker-66] WARN  o.e.m.c.i.embedder.EclipseLogger - Using platform encoding (UTF-8 actually) to copy filtered resources, i.e. build is platform dependent!
2017-11-30 13:00:19,511 [Worker-66] INFO  o.e.m.c.i.embedder.EclipseLogger - Copying 0 resource
2017-11-30 13:01:26,462 [Worker-78] INFO  o.e.m.c.i.l.LifecycleMappingFactory - Using org.eclipse.m2e.jdt.JarLifecycleMapping lifecycle mapping for MavenProject: com.yatish.TestNg:Junit_TestNg_Mockito:0.0.1-SNAPSHOT @ /Users/yatcs/yatish/java 7/workspace - java7/Junit_TestNg_Mockito/pom.xml.
2017-11-30 13:01:56,543 [Worker-78] INFO  o.e.m.c.i.e.AbstractTransferListenerAdapter - Downloaded http://engci-maven-master.cisco.com/artifactory/apic-em-repo/org/testng/testng/6.8/testng-6.8.pom
2017-11-30 13:01:56,700 [Worker-78] WARN  o.e.m.c.i.embedder.EclipseLogger - Using platform encoding (UTF-8 actually) to copy filtered resources, i.e. build is platform dependent!
2017-11-30 13:01:56,702 [Worker-78] INFO  o.e.m.c.i.embedder.EclipseLogger - Copying 0 resource
2017-11-30 13:01:56,704 [Worker-78] WARN  o.e.m.c.i.embedder.EclipseLogger - Using platform encoding (UTF-8 actually) to copy filtered resources, i.e. build is platform dependent!
2017-11-30 13:01:56,705 [Worker-78] INFO  o.e.m.c.i.embedder.EclipseLogger - Copying 0 resource
2017-11-30 13:03:39,476 [Worker-66] INFO  o.e.m.i.launch.MavenLaunchDelegate - /Users/yatcs/yatish/java 7/workspace - java7/Junit_TestNg_Mockito
2017-11-30 13:03:39,477 [Worker-66] INFO  o.e.m.i.launch.MavenLaunchDelegate -  mvn -B clean
2017-11-30 13:03:41,083 [Worker-76] WARN  o.e.m.c.i.embedder.EclipseLogger - Using platform encoding (UTF-8 actually) to copy filtered resources, i.e. build is platform dependent!
2017-11-30 13:03:41,084 [Worker-76] INFO  o.e.m.c.i.embedder.EclipseLogger - Copying 0 resource
2017-11-30 13:03:41,085 [Worker-76] WARN  o.e.m.c.i.embedder.EclipseLogger - Using platform encoding (UTF-8 actually) to copy filtered resources, i.e. build is platform dependent!
2017-11-30 13:03:41,085 [Worker-76] INFO  o.e.m.c.i.embedder.EclipseLogger - Copying 0 resource
2017-11-30 13:03:47,613 [Worker-60] INFO  o.e.m.i.launch.MavenLaunchDelegate - /Users/yatcs/yatish/java 7/workspace - java7/Junit_TestNg_Mockito
2017-11-30 13:03:47,613 [Worker-60] INFO  o.e.m.i.launch.MavenLaunchDelegate -  mvn -B install
2017-11-30 13:04:12,235 [Worker-74] WARN  o.e.m.c.i.embedder.EclipseLogger - Using platform encoding (UTF-8 actually) to copy filtered resources, i.e. build is platform dependent!
2017-11-30 13:04:12,235 [Worker-74] INFO  o.e.m.c.i.embedder.EclipseLogger - Copying 0 resource
2017-11-30 13:04:12,236 [Worker-74] WARN  o.e.m.c.i.embedder.EclipseLogger - Using platform encoding (UTF-8 actually) to copy filtered resources, i.e. build is platform dependent!
2017-11-30 13:04:12,237 [Worker-74] INFO  o.e.m.c.i.embedder.EclipseLogger - Copying 0 resource
2017-11-30 13:06:32,378 [Worker-66] INFO  o.e.m.c.i.l.LifecycleMappingFactory - Using org.eclipse.m2e.jdt.JarLifecycleMapping lifecycle mapping for MavenProject: com.yatish.TestNg:Junit_TestNg_Mockito:0.0.1-SNAPSHOT @ /Users/yatcs/yatish/java 7/workspace - java7/Junit_TestNg_Mockito/pom.xml.
2017-11-30 13:06:32,502 [Worker-66] WARN  o.e.m.c.i.embedder.EclipseLogger - Using platform encoding (UTF-8 actually) to copy filtered resources, i.e. build is platform dependent!
2017-11-30 13:06:32,503 [Worker-66] INFO  o.e.m.c.i.embedder.EclipseLogger - Copying 0 resource
2017-11-30 13:06:32,505 [Worker-66] WARN  o.e.m.c.i.embedder.EclipseLogger - Using platform encoding (UTF-8 actually) to copy filtered resources, i.e. build is platform dependent!
2017-11-30 13:06:32,506 [Worker-66] INFO  o.e.m.c.i.embedder.EclipseLogger - Copying 0 resource
2017-11-30 13:07:07,149 [Worker-79] INFO  o.e.m.c.i.l.LifecycleMappingFactory - Using org.eclipse.m2e.jdt.JarLifecycleMapping lifecycle mapping for MavenProject: com.yatish.TestNg:Junit_TestNg_Mockito:0.0.1-SNAPSHOT @ /Users/yatcs/yatish/java 7/workspace - java7/Junit_TestNg_Mockito/pom.xml.
2017-11-30 13:07:07,242 [Worker-79] WARN  o.e.m.c.i.embedder.EclipseLogger - Using platform encoding (UTF-8 actually) to copy filtered resources, i.e. build is platform dependent!
2017-11-30 13:07:07,244 [Worker-79] INFO  o.e.m.c.i.embedder.EclipseLogger - Copying 0 resource
2017-11-30 13:07:07,246 [Worker-79] WARN  o.e.m.c.i.embedder.EclipseLogger - Using platform encoding (UTF-8 actually) to copy filtered resources, i.e. build is platform dependent!
2017-11-30 13:07:07,247 [Worker-79] INFO  o.e.m.c.i.embedder.EclipseLogger - Copying 0 resource
2017-11-30 13:07:14,702 [Worker-78] INFO  o.e.m.c.i.l.LifecycleMappingFactory - Using org.eclipse.m2e.jdt.JarLifecycleMapping lifecycle mapping for MavenProject: com.yatish.TestNg:Junit_TestNg_Mockito:0.0.1-SNAPSHOT @ /Users/yatcs/yatish/java 7/workspace - java7/Junit_TestNg_Mockito/pom.xml.
2017-11-30 13:07:14,779 [Worker-78] WARN  o.e.m.c.i.embedder.EclipseLogger - Using platform encoding (UTF-8 actually) to copy filtered resources, i.e. build is platform dependent!
2017-11-30 13:07:14,781 [Worker-78] INFO  o.e.m.c.i.embedder.EclipseLogger - Copying 0 resource
2017-11-30 13:07:14,783 [Worker-78] WARN  o.e.m.c.i.embedder.EclipseLogger - Using platform encoding (UTF-8 actually) to copy filtered resources, i.e. build is platform dependent!
2017-11-30 13:07:14,783 [Worker-78] INFO  o.e.m.c.i.embedder.EclipseLogger - Copying 0 resource
2017-11-30 13:07:15,947 [Worker-60] WARN  o.e.m.c.i.embedder.EclipseLogger - Using platform encoding (UTF-8 actually) to copy filtered resources, i.e. build is platform dependent!
2017-11-30 13:07:15,947 [Worker-60] INFO  o.e.m.c.i.embedder.EclipseLogger - Copying 0 resource
2017-11-30 13:07:15,948 [Worker-60] WARN  o.e.m.c.i.embedder.EclipseLogger - Using platform encoding (UTF-8 actually) to copy filtered resources, i.e. build is platform dependent!
2017-11-30 13:07:15,949 [Worker-60] INFO  o.e.m.c.i.embedder.EclipseLogger - Copying 0 resource
2017-11-30 13:07:25,743 [Worker-79] INFO  o.e.m.c.i.l.LifecycleMappingFactory - Using org.eclipse.m2e.jdt.JarLifecycleMapping lifecycle mapping for MavenProject: com.yatish.TestNg:Junit_TestNg_Mockito:0.0.1-SNAPSHOT @ /Users/yatcs/yatish/java 7/workspace - java7/Junit_TestNg_Mockito/pom.xml.
2017-11-30 13:07:25,819 [Worker-79] WARN  o.e.m.c.i.embedder.EclipseLogger - Using platform encoding (UTF-8 actually) to copy filtered resources, i.e. build is platform dependent!
2017-11-30 13:07:25,821 [Worker-79] INFO  o.e.m.c.i.embedder.EclipseLogger - Copying 0 resource
2017-11-30 13:07:25,822 [Worker-79] WARN  o.e.m.c.i.embedder.EclipseLogger - Using platform encoding (UTF-8 actually) to copy filtered resources, i.e. build is platform dependent!
2017-11-30 13:07:25,822 [Worker-79] INFO  o.e.m.c.i.embedder.EclipseLogger - Copying 0 resource
2017-11-30 13:07:33,588 [Worker-79] INFO  o.e.m.c.i.l.LifecycleMappingFactory - Using org.eclipse.m2e.jdt.JarLifecycleMapping lifecycle mapping for MavenProject: com.yatish.TestNg:Junit_TestNg_Mockito:0.0.1-SNAPSHOT @ /Users/yatcs/yatish/java 7/workspace - java7/Junit_TestNg_Mockito/pom.xml.
2017-11-30 13:07:33,656 [Worker-79] WARN  o.e.m.c.i.embedder.EclipseLogger - Using platform encoding (UTF-8 actually) to copy filtered resources, i.e. build is platform dependent!
2017-11-30 13:07:33,658 [Worker-79] INFO  o.e.m.c.i.embedder.EclipseLogger - Copying 0 resource
2017-11-30 13:07:33,659 [Worker-79] WARN  o.e.m.c.i.embedder.EclipseLogger - Using platform encoding (UTF-8 actually) to copy filtered resources, i.e. build is platform dependent!
2017-11-30 13:07:33,659 [Worker-79] INFO  o.e.m.c.i.embedder.EclipseLogger - Copying 0 resource
2017-11-30 13:07:46,010 [Worker-78] INFO  o.e.m.c.i.l.LifecycleMappingFactory - Using org.eclipse.m2e.jdt.JarLifecycleMapping lifecycle mapping for MavenProject: com.yatish.TestNg:Junit_TestNg_Mockito:0.0.1-SNAPSHOT @ /Users/yatcs/yatish/java 7/workspace - java7/Junit_TestNg_Mockito/pom.xml.
2017-11-30 13:07:46,075 [Worker-78] WARN  o.e.m.c.i.embedder.EclipseLogger - Using platform encoding (UTF-8 actually) to copy filtered resources, i.e. build is platform dependent!
2017-11-30 13:07:46,076 [Worker-78] INFO  o.e.m.c.i.embedder.EclipseLogger - Copying 0 resource
2017-11-30 13:07:46,078 [Worker-78] WARN  o.e.m.c.i.embedder.EclipseLogger - Using platform encoding (UTF-8 actually) to copy filtered resources, i.e. build is platform dependent!
2017-11-30 13:07:46,078 [Worker-78] INFO  o.e.m.c.i.embedder.EclipseLogger - Copying 0 resource
2017-11-30 13:07:47,219 [Worker-78] WARN  o.e.m.c.i.embedder.EclipseLogger - Using platform encoding (UTF-8 actually) to copy filtered resources, i.e. build is platform dependent!
2017-11-30 13:07:47,220 [Worker-78] INFO  o.e.m.c.i.embedder.EclipseLogger - Copying 0 resource
2017-11-30 13:07:47,221 [Worker-78] WARN  o.e.m.c.i.embedder.EclipseLogger - Using platform encoding (UTF-8 actually) to copy filtered resources, i.e. build is platform dependent!
2017-11-30 13:07:47,222 [Worker-78] INFO  o.e.m.c.i.embedder.EclipseLogger - Copying 0 resource
2017-11-30 13:08:12,838 [Worker-80] INFO  o.e.m.c.i.l.LifecycleMappingFactory - Using org.eclipse.m2e.jdt.JarLifecycleMapping lifecycle mapping for MavenProject: com.yatish.TestNg:Junit_TestNg_Mockito:0.0.1-SNAPSHOT @ /Users/yatcs/yatish/java 7/workspace - java7/Junit_TestNg_Mockito/pom.xml.
2017-11-30 13:08:42,844 [Worker-80] INFO  o.e.m.c.i.e.AbstractTransferListenerAdapter - Downloaded http://engci-maven-master.cisco.com/artifactory/apic-em-repo/org/testng/testng/6.9.8/testng-6.9.8.pom
2017-11-30 13:08:42,916 [Worker-80] WARN  o.e.m.c.i.embedder.EclipseLogger - Using platform encoding (UTF-8 actually) to copy filtered resources, i.e. build is platform dependent!
2017-11-30 13:08:42,918 [Worker-80] INFO  o.e.m.c.i.embedder.EclipseLogger - Copying 0 resource
2017-11-30 13:08:42,919 [Worker-80] WARN  o.e.m.c.i.embedder.EclipseLogger - Using platform encoding (UTF-8 actually) to copy filtered resources, i.e. build is platform dependent!
2017-11-30 13:08:42,920 [Worker-80] INFO  o.e.m.c.i.embedder.EclipseLogger - Copying 0 resource
2017-12-01 10:13:27,981 [Worker-6] INFO  c.g.t.t.d.PublishedGradleVersions - Gradle version information cache is up-to-date. Trying to read.
2017-12-01 15:36:40,473 [Worker-4] INFO  c.g.t.t.d.PublishedGradleVersions - Gradle version information cache is out-of-date. Trying to update.
2017-12-08 11:32:21,563 [Worker-0] INFO  c.g.t.t.d.PublishedGradleVersions - Gradle version information cache is out-of-date. Trying to update.
2017-12-12 09:14:54,811 [Worker-4] INFO  c.g.t.t.d.PublishedGradleVersions - Gradle version information cache is up-to-date. Trying to read.
2017-12-12 09:17:25,137 [Worker-10] WARN  o.e.m.c.i.embedder.EclipseLogger - Using platform encoding (UTF-8 actually) to copy filtered resources, i.e. build is platform dependent!
2017-12-12 09:17:25,146 [Worker-10] INFO  o.e.m.c.i.embedder.EclipseLogger - Copying 0 resource
2017-12-12 09:17:25,150 [Worker-10] WARN  o.e.m.c.i.embedder.EclipseLogger - Using platform encoding (UTF-8 actually) to copy filtered resources, i.e. build is platform dependent!
2017-12-12 09:17:25,152 [Worker-10] INFO  o.e.m.c.i.embedder.EclipseLogger - Copying 0 resource
2017-12-12 19:21:59,198 [Worker-0] INFO  c.g.t.t.d.PublishedGradleVersions - Gradle version information cache is up-to-date. Trying to read.
2017-12-13 09:41:17,607 [Worker-4] INFO  c.g.t.t.d.PublishedGradleVersions - Gradle version information cache is up-to-date. Trying to read.
2017-12-17 16:35:02,047 [Worker-0] INFO  c.g.t.t.d.PublishedGradleVersions - Gradle version information cache is out-of-date. Trying to update.
2018-02-12 12:00:18,914 [Worker-2] INFO  c.g.t.t.d.PublishedGradleVersions - Gradle version information cache is up-to-date. Trying to read.
2018-03-20 11:24:34,292 [Worker-4] INFO  c.g.t.t.d.PublishedGradleVersions - Gradle version information cache is up-to-date. Trying to read.
2018-03-20 11:24:48,411 [Worker-11] INFO  o.e.m.c.i.e.AbstractTransferListenerAdapter - Downloading http://engci-maven-master.cisco.com/artifactory/apic-em-repo/org/testng/testng/6.9.8/testng-6.9.8.pom
2018-03-20 11:24:48,805 [Worker-11] INFO  o.e.m.c.i.e.AbstractTransferListenerAdapter - Downloaded http://engci-maven-master.cisco.com/artifactory/apic-em-repo/org/testng/testng/6.9.8/testng-6.9.8.pom
2018-03-20 11:24:49,142 [Worker-11] INFO  o.e.m.c.i.e.AbstractTransferListenerAdapter - Downloading http://engci-maven-master.cisco.com/artifactory/apic-em-repo/com/beust/jcommander/1.48/jcommander-1.48.pom
2018-03-20 11:24:49,768 [Worker-11] INFO  o.e.m.c.i.e.AbstractTransferListenerAdapter - Downloaded http://engci-maven-master.cisco.com/artifactory/apic-em-repo/com/beust/jcommander/1.48/jcommander-1.48.pom
2018-03-20 11:24:50,228 [Worker-11] INFO  o.e.m.c.i.e.AbstractTransferListenerAdapter - Downloading http://engci-maven-master.cisco.com/artifactory/apic-em-repo/org/testng/testng/6.9.8/testng-6.9.8.jar
2018-03-20 11:24:57,123 [Worker-11] INFO  o.e.m.c.i.e.AbstractTransferListenerAdapter - Downloaded http://engci-maven-master.cisco.com/artifactory/apic-em-repo/org/testng/testng/6.9.8/testng-6.9.8.jar
2018-03-20 11:24:57,399 [Worker-11] INFO  o.e.m.c.i.e.AbstractTransferListenerAdapter - Downloading http://engci-maven-master.cisco.com/artifactory/apic-em-repo/com/beust/jcommander/1.48/jcommander-1.48.jar
2018-03-20 11:24:58,507 [Worker-11] INFO  o.e.m.c.i.e.AbstractTransferListenerAdapter - Downloaded http://engci-maven-master.cisco.com/artifactory/apic-em-repo/com/beust/jcommander/1.48/jcommander-1.48.jar
2018-03-20 11:24:58,869 [Worker-11] WARN  o.e.m.c.i.embedder.EclipseLogger - Using platform encoding (UTF-8 actually) to copy filtered resources, i.e. build is platform dependent!
2018-03-20 11:24:58,877 [Worker-11] INFO  o.e.m.c.i.embedder.EclipseLogger - Copying 0 resource
2018-03-20 11:24:58,880 [Worker-11] WARN  o.e.m.c.i.embedder.EclipseLogger - Using platform encoding (UTF-8 actually) to copy filtered resources, i.e. build is platform dependent!
2018-03-20 11:24:58,881 [Worker-11] INFO  o.e.m.c.i.embedder.EclipseLogger - Copying 0 resource
2018-03-23 08:29:40,383 [Worker-5] INFO  c.g.t.t.d.PublishedGradleVersions - Gradle version information cache is out-of-date. Trying to update.
2018-03-23 08:29:52,739 [Worker-3] WARN  o.e.m.c.i.embedder.EclipseLogger - Using platform encoding (UTF-8 actually) to copy filtered resources, i.e. build is platform dependent!
2018-03-23 08:29:52,751 [Worker-3] INFO  o.e.m.c.i.embedder.EclipseLogger - Copying 0 resource
2018-03-23 08:29:52,754 [Worker-3] WARN  o.e.m.c.i.embedder.EclipseLogger - Using platform encoding (UTF-8 actually) to copy filtered resources, i.e. build is platform dependent!
2018-03-23 08:29:52,755 [Worker-3] INFO  o.e.m.c.i.embedder.EclipseLogger - Copying 0 resource
2018-03-24 09:54:52,625 [Worker-5] INFO  c.g.t.t.d.PublishedGradleVersions - Gradle version information cache is out-of-date. Trying to update.
2018-04-06 18:50:33,193 [Worker-3] INFO  c.g.t.t.d.PublishedGradleVersions - Gradle version information cache is up-to-date. Trying to read.
2018-04-08 13:20:31,422 [Worker-4] INFO  c.g.t.t.d.PublishedGradleVersions - Gradle version information cache is up-to-date. Trying to read.
2018-04-12 19:36:28,804 [Worker-5] INFO  c.g.t.t.d.PublishedGradleVersions - Gradle version information cache is out-of-date. Trying to update.
2018-04-12 19:37:10,949 [Worker-0] INFO  o.e.m.c.i.e.AbstractTransferListenerAdapter - Downloaded http://engci-maven-master.cisco.com/artifactory/apic-em-repo/org/testng/testng/6.9.8/testng-6.9.8.pom
2018-04-12 19:37:11,287 [Worker-0] INFO  o.e.m.c.i.e.AbstractTransferListenerAdapter - Downloaded http://engci-maven-master.cisco.com/artifactory/apic-em-repo/org/apache/maven/maven-core/2.0.6/maven-core-2.0.6.jar
2018-04-12 19:37:11,287 [Worker-0] INFO  o.e.m.c.i.e.AbstractTransferListenerAdapter - Downloaded http://engci-maven-master.cisco.com/artifactory/apic-em-repo/org/apache/maven/maven-plugin-parameter-documenter/2.0.6/maven-plugin-parameter-documenter-2.0.6.jar
2018-04-12 19:37:11,288 [Worker-0] INFO  o.e.m.c.i.e.AbstractTransferListenerAdapter - Downloaded http://engci-maven-master.cisco.com/artifactory/apic-em-repo/org/apache/maven/maven-error-diagnostics/2.0.6/maven-error-diagnostics-2.0.6.jar
2018-04-12 19:37:11,288 [Worker-0] INFO  o.e.m.c.i.e.AbstractTransferListenerAdapter - Downloaded http://engci-maven-master.cisco.com/artifactory/apic-em-repo/org/apache/maven/maven-plugin-descriptor/2.0.6/maven-plugin-descriptor-2.0.6.jar
2018-04-12 19:37:11,289 [Worker-0] INFO  o.e.m.c.i.e.AbstractTransferListenerAdapter - Downloaded http://engci-maven-master.cisco.com/artifactory/apic-em-repo/classworlds/classworlds/1.1/classworlds-1.1.jar
2018-04-12 19:37:11,289 [Worker-0] INFO  o.e.m.c.i.e.AbstractTransferListenerAdapter - Downloaded http://engci-maven-master.cisco.com/artifactory/apic-em-repo/org/apache/maven/maven-artifact/2.0.6/maven-artifact-2.0.6.jar
2018-04-12 19:37:11,289 [Worker-0] INFO  o.e.m.c.i.e.AbstractTransferListenerAdapter - Downloaded http://engci-maven-master.cisco.com/artifactory/apic-em-repo/org/apache/maven/maven-monitor/2.0.6/maven-monitor-2.0.6.jar
2018-04-12 19:37:11,325 [Worker-0] INFO  o.e.m.c.i.e.AbstractTransferListenerAdapter - Downloaded http://engci-maven-master.cisco.com/artifactory/apic-em-repo/org/apache/maven/plugins/maven-surefire-plugin/2.12.4/maven-surefire-plugin-2.12.4.pom
2018-04-22 21:09:58,462 [Worker-3] INFO  c.g.t.t.d.PublishedGradleVersions - Gradle version information cache is out-of-date. Trying to update.
2018-04-23 10:12:44,899 [Worker-0] INFO  c.g.t.t.d.PublishedGradleVersions - Gradle version information cache is up-to-date. Trying to read.
2018-04-25 10:28:37,748 [Worker-1] INFO  c.g.t.t.d.PublishedGradleVersions - Gradle version information cache is up-to-date. Trying to read.
2018-05-04 18:03:29,443 [Worker-4] INFO  c.g.t.t.d.PublishedGradleVersions - Gradle version information cache is out-of-date. Trying to update.
2018-05-23 10:57:00,197 [Worker-1] INFO  c.g.t.t.d.PublishedGradleVersions - Gradle version information cache is up-to-date. Trying to read.
2018-05-29 12:19:14,047 [Worker-1] INFO  c.g.t.t.d.PublishedGradleVersions - Gradle version information cache is up-to-date. Trying to read.
2018-05-29 14:26:44,178 [Worker-1] INFO  c.g.t.t.d.PublishedGradleVersions - Gradle version information cache is up-to-date. Trying to read.
2018-05-29 15:17:03,619 [Worker-3] INFO  c.g.t.t.d.PublishedGradleVersions - Gradle version information cache is up-to-date. Trying to read.
2018-05-29 15:31:41,867 [Worker-3] INFO  c.g.t.t.d.PublishedGradleVersions - Gradle version information cache is up-to-date. Trying to read.
2018-05-29 15:32:43,272 [Worker-0] WARN  o.e.m.c.i.embedder.EclipseLogger - Using platform encoding (UTF-8 actually) to copy filtered resources, i.e. build is platform dependent!
2018-05-29 15:32:43,283 [Worker-0] INFO  o.e.m.c.i.embedder.EclipseLogger - Copying 0 resource
2018-05-29 15:32:43,286 [Worker-0] WARN  o.e.m.c.i.embedder.EclipseLogger - Using platform encoding (UTF-8 actually) to copy filtered resources, i.e. build is platform dependent!
2018-05-29 15:32:43,287 [Worker-0] INFO  o.e.m.c.i.embedder.EclipseLogger - Copying 0 resource
2018-05-31 14:49:12,625 [Worker-3] INFO  c.g.t.t.d.PublishedGradleVersions - Gradle version information cache is up-to-date. Trying to read.
2018-06-06 19:04:03,129 [Worker-3] INFO  c.g.t.t.d.PublishedGradleVersions - Gradle version information cache is up-to-date. Trying to read.
2018-06-07 15:54:33,642 [Worker-3] INFO  c.g.t.t.d.PublishedGradleVersions - Gradle version information cache is out-of-date. Trying to update.
2018-06-07 16:28:03,200 [Worker-3] INFO  c.g.t.t.d.PublishedGradleVersions - Gradle version information cache is up-to-date. Trying to read.
2018-06-08 12:18:16,523 [Worker-4] INFO  c.g.t.t.d.PublishedGradleVersions - Gradle version information cache is up-to-date. Trying to read.
2018-06-08 12:34:29,042 [Worker-18] WARN  o.e.m.c.i.embedder.EclipseLogger - Using platform encoding (UTF-8 actually) to copy filtered resources, i.e. build is platform dependent!
2018-06-08 12:34:29,047 [Worker-18] INFO  o.e.m.c.i.embedder.EclipseLogger - Copying 0 resource
2018-06-08 12:34:29,049 [Worker-18] WARN  o.e.m.c.i.embedder.EclipseLogger - Using platform encoding (UTF-8 actually) to copy filtered resources, i.e. build is platform dependent!
2018-06-08 12:34:29,050 [Worker-18] INFO  o.e.m.c.i.embedder.EclipseLogger - Copying 0 resource
2018-06-15 11:00:08,859 [Worker-1] INFO  c.g.t.t.d.PublishedGradleVersions - Gradle version information cache is up-to-date. Trying to read.
